find_header: checking for #include <postgres_ext.h>
... -------------------- yes

"gcc -E -I. -I/usr/lib64/ruby/1.8/x86_64-linux -I.  -O2 -g -pipe -Wall -Wp,-D_FORTIFY_SOURCE=2 -fexceptions -fstack-protector --param=ssp-buffer-size=4 -m64 -mtune=generic -Wall  -fPIC  conftest.c -o conftest.i"
conftest.c:1:26: error: postgres_ext.h: No such file or directory
checked program was:
/* begin */
1: #include <postgres_ext.h>
/* end */

"gcc -E -I. -I/usr/lib64/ruby/1.8/x86_64-linux -I.  -O2 -g -pipe -Wall -Wp,-D_FORTIFY_SOURCE=2 -fexceptions -fstack-protector --param=ssp-buffer-size=4 -m64 -mtune=generic -Wall  -fPIC -I/opt/vertica/include conftest.c -o conftest.i"
checked program was:
/* begin */
1: #include <postgres_ext.h>
/* end */

--------------------

find_header: checking for #include <libpq-fe.h>
... -------------------- yes

"gcc -E -I. -I/usr/lib64/ruby/1.8/x86_64-linux -I. -I/opt/vertica/include  -O2 -g -pipe -Wall -Wp,-D_FORTIFY_SOURCE=2 -fexceptions -fstack-protector --param=ssp-buffer-size=4 -m64 -mtune=generic -Wall  -fPIC  conftest.c -o conftest.i"
conftest.c:1:22: error: libpq-fe.h: No such file or directory
checked program was:
/* begin */
1: #include <libpq-fe.h>
/* end */

"gcc -E -I. -I/usr/lib64/ruby/1.8/x86_64-linux -I. -I/opt/vertica/include  -O2 -g -pipe -Wall -Wp,-D_FORTIFY_SOURCE=2 -fexceptions -fstack-protector --param=ssp-buffer-size=4 -m64 -mtune=generic -Wall  -fPIC -I/opt/vertica/include/libpq conftest.c -o conftest.i"
checked program was:
/* begin */
1: #include <libpq-fe.h>
/* end */

--------------------

find_header: checking for #include <libvq-fe.h>
... -------------------- yes

"gcc -E -I. -I/usr/lib64/ruby/1.8/x86_64-linux -I. -I/opt/vertica/include -I/opt/vertica/include/libpq  -O2 -g -pipe -Wall -Wp,-D_FORTIFY_SOURCE=2 -fexceptions -fstack-protector --param=ssp-buffer-size=4 -m64 -mtune=generic -Wall  -fPIC  conftest.c -o conftest.i"
conftest.c:1:22: error: libvq-fe.h: No such file or directory
checked program was:
/* begin */
1: #include <libvq-fe.h>
/* end */

"gcc -E -I. -I/usr/lib64/ruby/1.8/x86_64-linux -I. -I/opt/vertica/include -I/opt/vertica/include/libpq  -O2 -g -pipe -Wall -Wp,-D_FORTIFY_SOURCE=2 -fexceptions -fstack-protector --param=ssp-buffer-size=4 -m64 -mtune=generic -Wall  -fPIC -I/opt/vertica/include/libvq conftest.c -o conftest.i"
checked program was:
/* begin */
1: #include <libvq-fe.h>
/* end */

--------------------

find_library: checking for PQescapeString() in -lpq... -------------------- yes

"gcc -o conftest -I. -I/usr/lib64/ruby/1.8/x86_64-linux -I. -I/opt/vertica/include -I/opt/vertica/include/libpq -I/opt/vertica/include/libvq  -O2 -g -pipe -Wall -Wp,-D_FORTIFY_SOURCE=2 -fexceptions -fstack-protector --param=ssp-buffer-size=4 -m64 -mtune=generic -Wall  -fPIC conftest.c  -L"." -L"/usr/lib64" -L.  -rdynamic -Wl,-export-dynamic     -lruby-static -lpq  -lpthread -ldl -lcrypt -lm   -lc"
conftest.c: In function 't':
conftest.c:3: error: 'PQescapeString' undeclared (first use in this function)
conftest.c:3: error: (Each undeclared identifier is reported only once
conftest.c:3: error: for each function it appears in.)
checked program was:
/* begin */
1: /*top*/
2: int main() { return 0; }
3: int t() { void ((*volatile p)()); p = (void ((*)()))PQescapeString; return 0; }
/* end */

"gcc -o conftest -I. -I/usr/lib64/ruby/1.8/x86_64-linux -I. -I/opt/vertica/include -I/opt/vertica/include/libpq -I/opt/vertica/include/libvq  -O2 -g -pipe -Wall -Wp,-D_FORTIFY_SOURCE=2 -fexceptions -fstack-protector --param=ssp-buffer-size=4 -m64 -mtune=generic -Wall  -fPIC conftest.c  -L"." -L"/usr/lib64" -L.  -rdynamic -Wl,-export-dynamic     -lruby-static -lpq  -lpthread -ldl -lcrypt -lm   -lc"
conftest.c: In function 't':
conftest.c:3: warning: implicit declaration of function 'PQescapeString'
/usr/bin/ld: cannot find -lpq
collect2: ld returned 1 exit status
checked program was:
/* begin */
1: /*top*/
2: int main() { return 0; }
3: int t() { PQescapeString(); return 0; }
/* end */

"gcc -o conftest -I. -I/usr/lib64/ruby/1.8/x86_64-linux -I. -I/opt/vertica/include -I/opt/vertica/include/libpq -I/opt/vertica/include/libvq  -O2 -g -pipe -Wall -Wp,-D_FORTIFY_SOURCE=2 -fexceptions -fstack-protector --param=ssp-buffer-size=4 -m64 -mtune=generic -Wall  -fPIC conftest.c  -L"." -L"/usr/lib64" -L"/opt/vertica/lib" -L.  -rdynamic -Wl,-export-dynamic     -lruby-static -lpq  -lpthread -ldl -lcrypt -lm   -lc"
conftest.c: In function 't':
conftest.c:3: error: 'PQescapeString' undeclared (first use in this function)
conftest.c:3: error: (Each undeclared identifier is reported only once
conftest.c:3: error: for each function it appears in.)
checked program was:
/* begin */
1: /*top*/
2: int main() { return 0; }
3: int t() { void ((*volatile p)()); p = (void ((*)()))PQescapeString; return 0; }
/* end */

"gcc -o conftest -I. -I/usr/lib64/ruby/1.8/x86_64-linux -I. -I/opt/vertica/include -I/opt/vertica/include/libpq -I/opt/vertica/include/libvq  -O2 -g -pipe -Wall -Wp,-D_FORTIFY_SOURCE=2 -fexceptions -fstack-protector --param=ssp-buffer-size=4 -m64 -mtune=generic -Wall  -fPIC conftest.c  -L"." -L"/usr/lib64" -L"/opt/vertica/lib" -L.  -rdynamic -Wl,-export-dynamic     -lruby-static -lpq  -lpthread -ldl -lcrypt -lm   -lc"
conftest.c: In function 't':
conftest.c:3: warning: implicit declaration of function 'PQescapeString'
checked program was:
/* begin */
1: /*top*/
2: int main() { return 0; }
3: int t() { PQescapeString(); return 0; }
/* end */

--------------------

find_library: checking for VQconndefaults() in -ldvq... -------------------- no

"gcc -o conftest -I. -I/usr/lib64/ruby/1.8/x86_64-linux -I. -I/opt/vertica/include -I/opt/vertica/include/libpq -I/opt/vertica/include/libvq  -O2 -g -pipe -Wall -Wp,-D_FORTIFY_SOURCE=2 -fexceptions -fstack-protector --param=ssp-buffer-size=4 -m64 -mtune=generic -Wall  -fPIC conftest.c  -L"." -L"/usr/lib64" -L"/opt/vertica/lib" -L.  -rdynamic -Wl,-export-dynamic    -lpq  -lruby-static -ldvq -lpq  -lpthread -ldl -lcrypt -lm   -lc"
conftest.c: In function 't':
conftest.c:3: error: 'VQconndefaults' undeclared (first use in this function)
conftest.c:3: error: (Each undeclared identifier is reported only once
conftest.c:3: error: for each function it appears in.)
checked program was:
/* begin */
1: /*top*/
2: int main() { return 0; }
3: int t() { void ((*volatile p)()); p = (void ((*)()))VQconndefaults; return 0; }
/* end */

"gcc -o conftest -I. -I/usr/lib64/ruby/1.8/x86_64-linux -I. -I/opt/vertica/include -I/opt/vertica/include/libpq -I/opt/vertica/include/libvq  -O2 -g -pipe -Wall -Wp,-D_FORTIFY_SOURCE=2 -fexceptions -fstack-protector --param=ssp-buffer-size=4 -m64 -mtune=generic -Wall  -fPIC conftest.c  -L"." -L"/usr/lib64" -L"/opt/vertica/lib" -L.  -rdynamic -Wl,-export-dynamic    -lpq  -lruby-static -ldvq -lpq  -lpthread -ldl -lcrypt -lm   -lc"
conftest.c: In function 't':
conftest.c:3: warning: implicit declaration of function 'VQconndefaults'
/usr/bin/ld: cannot find -ldvq
collect2: ld returned 1 exit status
checked program was:
/* begin */
1: /*top*/
2: int main() { return 0; }
3: int t() { VQconndefaults(); return 0; }
/* end */

"gcc -o conftest -I. -I/usr/lib64/ruby/1.8/x86_64-linux -I. -I/opt/vertica/include -I/opt/vertica/include/libpq -I/opt/vertica/include/libvq  -O2 -g -pipe -Wall -Wp,-D_FORTIFY_SOURCE=2 -fexceptions -fstack-protector --param=ssp-buffer-size=4 -m64 -mtune=generic -Wall  -fPIC conftest.c  -L"." -L"/usr/lib64" -L"/opt/vertica/lib" -L.  -rdynamic -Wl,-export-dynamic    -lpq  -lruby-static -ldvq -lpq  -lpthread -ldl -lcrypt -lm   -lc"
conftest.c: In function 't':
conftest.c:3: error: 'VQconndefaults' undeclared (first use in this function)
conftest.c:3: error: (Each undeclared identifier is reported only once
conftest.c:3: error: for each function it appears in.)
checked program was:
/* begin */
1: /*top*/
2: int main() { return 0; }
3: int t() { void ((*volatile p)()); p = (void ((*)()))VQconndefaults; return 0; }
/* end */

"gcc -o conftest -I. -I/usr/lib64/ruby/1.8/x86_64-linux -I. -I/opt/vertica/include -I/opt/vertica/include/libpq -I/opt/vertica/include/libvq  -O2 -g -pipe -Wall -Wp,-D_FORTIFY_SOURCE=2 -fexceptions -fstack-protector --param=ssp-buffer-size=4 -m64 -mtune=generic -Wall  -fPIC conftest.c  -L"." -L"/usr/lib64" -L"/opt/vertica/lib" -L.  -rdynamic -Wl,-export-dynamic    -lpq  -lruby-static -ldvq -lpq  -lpthread -ldl -lcrypt -lm   -lc"
conftest.c: In function 't':
conftest.c:3: warning: implicit declaration of function 'VQconndefaults'
/usr/bin/ld: cannot find -ldvq
collect2: ld returned 1 exit status
checked program was:
/* begin */
1: /*top*/
2: int main() { return 0; }
3: int t() { VQconndefaults(); return 0; }
/* end */

--------------------

